Word: "et". Amount of times found: 149
Word: "ac". Amount of times found: 138
Word: "in". Amount of times found: 136
Word: "nec". Amount of times found: 123
Word: "vel". Amount of times found: 123
Word: "amet". Amount of times found: 122
Word: "sit". Amount of times found: 122
Word: "eget". Amount of times found: 119
Word: "sed". Amount of times found: 119
Word: "eu". Amount of times found: 118
Word: "non". Amount of times found: 110
Word: "at". Amount of times found: 106
Word: "id". Amount of times found: 106
Word: "vitae". Amount of times found: 102
Word: "a". Amount of times found: 101
Word: "ut". Amount of times found: 94
Word: "tincidunt". Amount of times found: 83
Word: "quis". Amount of times found: 82
Word: "Sed". Amount of times found: 80
Word: "ante". Amount of times found: 76
Word: "ipsum". Amount of times found: 76
Word: "odio". Amount of times found: 73
Word: "urna". Amount of times found: 73
Word: "felis". Amount of times found: 72
Word: "augue". Amount of times found: 68
Word: "elit". Amount of times found: 66
Word: "quam". Amount of times found: 65
Word: "lorem". Amount of times found: 64
Word: "neque". Amount of times found: 64
Word: "nisi". Amount of times found: 64
Word: "sem". Amount of times found: 64
Word: "ex". Amount of times found: 62
Word: "purus". Amount of times found: 62
Word: "turpis". Amount of times found: 62
Word: "erat". Amount of times found: 61
Word: "lacus". Amount of times found: 61
Word: "justo". Amount of times found: 60
Word: "mi". Amount of times found: 60
Word: "tortor". Amount of times found: 60
Word: "Donec". Amount of times found: 59
Word: "nisl". Amount of times found: 59
Word: "eros". Amount of times found: 58
Word: "orci". Amount of times found: 58
Word: "sapien". Amount of times found: 58
Word: "tellus". Amount of times found: 58
Word: "dolor". Amount of times found: 57
Word: "mauris". Amount of times found: 57
Word: "nulla". Amount of times found: 57
Word: "malesuada". Amount of times found: 56
Word: "condimentum". Amount of times found: 55
Word: "diam". Amount of times found: 55
Word: "egestas". Amount of times found: 55
Word: "enim". Amount of times found: 55
Word: "massa". Amount of times found: 55
Word: "faucibus". Amount of times found: 54
Word: "nibh". Amount of times found: 54
Word: "nunc". Amount of times found: 54
Word: "velit". Amount of times found: 54
Word: "libero". Amount of times found: 53
Word: "magna". Amount of times found: 53
Word: "dui". Amount of times found: 52
Word: "est". Amount of times found: 52
Word: "leo". Amount of times found: 52
Word: "metus". Amount of times found: 52
Word: "risus". Amount of times found: 52
Word: "Vestibulum". Amount of times found: 51
Word: "volutpat". Amount of times found: 51
Word: "Aliquam". Amount of times found: 49
Word: "convallis". Amount of times found: 49
Word: "lobortis". Amount of times found: 49
Word: "placerat". Amount of times found: 49
Word: "scelerisque". Amount of times found: 49
Word: "In". Amount of times found: 48
Word: "Nulla". Amount of times found: 48
Word: "congue". Amount of times found: 48
Word: "dapibus". Amount of times found: 48
Word: "lectus". Amount of times found: 47
Word: "ligula". Amount of times found: 47
Word: "posuere". Amount of times found: 47
Word: "pulvinar". Amount of times found: 47
Word: "Pellentesque". Amount of times found: 46
Word: "blandit". Amount of times found: 46
Word: "lacinia". Amount of times found: 46
Word: "maximus". Amount of times found: 46
Word: "molestie". Amount of times found: 46
Word: "rhoncus". Amount of times found: 46
Word: "tristique". Amount of times found: 46
Word: "aliquet". Amount of times found: 45
Word: "auctor". Amount of times found: 45
Word: "sodales". Amount of times found: 45
Word: "ultrices". Amount of times found: 45
Word: "Aenean". Amount of times found: 44
Word: "aliquam". Amount of times found: 44
Word: "Nullam". Amount of times found: 43
Word: "Suspendisse". Amount of times found: 43
Word: "accumsan". Amount of times found: 43
Word: "dictum". Amount of times found: 43
Word: "gravida". Amount of times found: 43
Word: "suscipit". Amount of times found: 43
Word: "tempus". Amount of times found: 43
Word: "vestibulum". Amount of times found: 43
Word: "Curabitur". Amount of times found: 42
Word: "Maecenas". Amount of times found: 42
Word: "efficitur". Amount of times found: 42
Word: "mattis". Amount of times found: 42
Word: "varius". Amount of times found: 42
Word: "Vivamus". Amount of times found: 41
Word: "commodo". Amount of times found: 41
Word: "fringilla". Amount of times found: 41
Word: "hendrerit". Amount of times found: 41
Word: "mollis". Amount of times found: 41
Word: "Integer". Amount of times found: 40
Word: "ornare". Amount of times found: 40
Word: "porttitor". Amount of times found: 40
Word: "pretium". Amount of times found: 40
Word: "ullamcorper". Amount of times found: 40
Word: "venenatis". Amount of times found: 40
Word: "Ut". Amount of times found: 39
Word: "eleifend". Amount of times found: 39
Word: "elementum". Amount of times found: 39
Word: "euismod". Amount of times found: 39
Word: "imperdiet". Amount of times found: 39
Word: "laoreet". Amount of times found: 39
Word: "pharetra". Amount of times found: 39
Word: "ultricies". Amount of times found: 39
Word: "viverra". Amount of times found: 39
Word: "Proin". Amount of times found: 38
Word: "feugiat". Amount of times found: 38
Word: "finibus". Amount of times found: 38
Word: "Phasellus". Amount of times found: 37
Word: "consequat". Amount of times found: 37
Word: "luctus". Amount of times found: 37
Word: "pellentesque". Amount of times found: 37
Word: "rutrum". Amount of times found: 37
Word: "vulputate". Amount of times found: 37
Word: "Duis". Amount of times found: 36
Word: "consectetur". Amount of times found: 36
Word: "Etiam". Amount of times found: 35
Word: "Praesent". Amount of times found: 35
Word: "arcu". Amount of times found: 35
Word: "facilisis". Amount of times found: 35
Word: "fermentum". Amount of times found: 35
Word: "iaculis". Amount of times found: 35
Word: "interdum". Amount of times found: 35
Word: "tempor". Amount of times found: 35
Word: "Morbi". Amount of times found: 34
Word: "Nam". Amount of times found: 34
Word: "bibendum". Amount of times found: 34
Word: "cursus". Amount of times found: 34
Word: "porta". Amount of times found: 34
Word: "vehicula". Amount of times found: 34
Word: "Quisque". Amount of times found: 32
Word: "dignissim". Amount of times found: 31
Word: "semper". Amount of times found: 31
Word: "Cras". Amount of times found: 30
Word: "sollicitudin". Amount of times found: 30
Word: "Fusce". Amount of times found: 29
Word: "Mauris". Amount of times found: 29
Word: "sagittis". Amount of times found: 28
Word: "Nunc". Amount of times found: 27
Word: "fames". Amount of times found: 14
Word: "primis". Amount of times found: 13
Word: "per". Amount of times found: 12
Word: "facilisi". Amount of times found: 9
Word: "Interdum". Amount of times found: 8
Word: "Lorem". Amount of times found: 8
Word: "potenti". Amount of times found: 8
Word: "adipiscing". Amount of times found: 7
Word: "Class". Amount of times found: 6
Word: "ad". Amount of times found: 6
Word: "aptent". Amount of times found: 6
Word: "conubia". Amount of times found: 6
Word: "habitant". Amount of times found: 6
Word: "himenaeos". Amount of times found: 6
Word: "inceptos". Amount of times found: 6
Word: "litora". Amount of times found: 6
Word: "morbi". Amount of times found: 6
Word: "netus". Amount of times found: 6
Word: "nostra". Amount of times found: 6
Word: "senectus". Amount of times found: 6
Word: "sociosqu". Amount of times found: 6
Word: "taciti". Amount of times found: 6
Word: "torquent". Amount of times found: 6
Word: "cubilia". Amount of times found: 5
Word: "curae". Amount of times found: 5
Word: "dictumst". Amount of times found: 5
Word: "habitasse". Amount of times found: 5
Word: "hac". Amount of times found: 5
Word: "platea". Amount of times found: 5
Word: "Orci". Amount of times found: 3
Word: "dis". Amount of times found: 3
Word: "magnis". Amount of times found: 3
Word: "montes". Amount of times found: 3
Word: "mus". Amount of times found: 3
Word: "nascetur". Amount of times found: 3
Word: "natoque". Amount of times found: 3
Word: "parturient". Amount of times found: 3
Word: "penatibus". Amount of times found: 3
Word: "ridiculus". Amount of times found: 3
Word: "·". Amount of times found: 2
Word: "100". Amount of times found: 1
Word: "60015". Amount of times found: 1
Word: "8934". Amount of times found: 1
Word: "Change". Amount of times found: 1
Word: "Consent". Amount of times found: 1
Word: "Do". Amount of times found: 1
Word: "Generated". Amount of times found: 1
Word: "Information". Amount of times found: 1
Word: "Ipsum". Amount of times found: 1
Word: "My". Amount of times found: 1
Word: "Not". Amount of times found: 1
Word: "Personal". Amount of times found: 1
Word: "Policy". Amount of times found: 1
Word: "Privacy". Amount of times found: 1
Word: "Sell". Amount of times found: 1
Word: "bytes". Amount of times found: 1
Word: "help@lipsum.com". Amount of times found: 1
Word: "of". Amount of times found: 1
Word: "paragraphs". Amount of times found: 1
Word: "words". Amount of times found: 1
